*** Using Compiler 'V6.14.1', folder: 'C:\Keil_v5\ARM\ARMCLANG\Bin'
Build target 'Omnidirectional_Wheels_gimbal_F407_240301'
../Core/Src/main.cpp(29): warning: In file included from...../RM_File\Total_stack.h(3): warning: In file included from...../RM_File/def_variable.h(4): warning: In file included from...../RM_File/RM_Clicker.h(124): warning: bitwise negation of a boolean expression; did you mean logical negation? [-Wbool-operation]
        Dir |= ~(RC_Ctl.rc.ch0 >= 364) & (RC_Ctl.rc.ch0 <= 1684);
               ^~~~~~~~~~~~~~~~~~~~~~~
               !
../RM_File/RM_Clicker.h(125): warning: bitwise negation of a boolean expression; did you mean logical negation? [-Wbool-operation]
        Dir |= ~(RC_Ctl.rc.ch1 >= 364) & (RC_Ctl.rc.ch1 <= 1684);
               ^~~~~~~~~~~~~~~~~~~~~~~
               !
../RM_File/RM_Clicker.h(126): warning: bitwise negation of a boolean expression; did you mean logical negation? [-Wbool-operation]
        Dir |= ~(RC_Ctl.rc.ch2 >= 364) & (RC_Ctl.rc.ch2 <= 1684);
               ^~~~~~~~~~~~~~~~~~~~~~~
               !
../RM_File/RM_Clicker.h(127): warning: bitwise negation of a boolean expression; did you mean logical negation? [-Wbool-operation]
        Dir |= ~(RC_Ctl.rc.ch3 >= 364) & (RC_Ctl.rc.ch3 <= 1684);
               ^~~~~~~~~~~~~~~~~~~~~~~
               !
4 warnings generated.
compiling main.cpp...
linking...
Program Size: Code=27956 RO-data=520 RW-data=156 ZI-data=9988  
FromELF: creating hex file...
"Omnidirectional_Wheels_gimbal_F407_240301\Omnidirectional_Wheels_gimbal_F407_240301.axf" - 0 Error(s), 4 Warning(s).
Build Time Elapsed:  00:00:11
