16.839996
3524.120850
3140.429688
2756.357910
2020.793945
1639.402954
1350.697754
2039.070313
2367.198486
2457.130371
2456.576660
2426.593018
2429.131836
2090.470703
1574.875000
1521.059570
1804.290771
2043.786377
2217.550537
2242.134766
2195.651855
1853.889893
1626.687744
1796.165771
2203.652588
2494.544434
2415.996094
2327.351807
2151.524902
2436.394043
2276.229248
2430.928467
2137.913574
2163.728027
2759.146729
2719.648926
2475.810303
2492.603027
2508.877197
2502.236572
2439.320801
2287.132080
2339.959961
2419.954346
2564.266846
2982.306885
2935.842773
2994.845215
3106.305420
3111.345215
3157.319824
2842.056152
2816.773682
2901.854004
2661.961426
2776.408691
2528.384521
2364.883301
2310.383301
2480.919922
2484.025391
2528.999023
2693.894775
2564.368652
2672.503418
2433.507813
2293.745605
2307.537598
2331.398438
2327.188477
2644.979492
2471.300781
2453.112793
2489.213867
2389.216797
2732.202148
3014.813477
3014.765137
3343.419922
3326.464844
3619.087402
3573.783203
3300.897949
2836.639160
2400.041016
1983.794922
1867.138672
1993.885742
2093.313965
2282.981445
2483.939453
3070.188477
3490.120117
3888.098633
4135.546875
4229.280762
4240.178223
4347.304688
4276.358887
3787.626953
3130.159180
2801.423340
2205.385742
1167.888672
662.307617
738.333008
1774.313477
2703.285156
3185.353516
3299.234863
3130.733887
2208.917969
1194.099609
827.931641
1222.261719
1909.464844
2253.110352
3097.705078
4101.014648
4099.121094
3219.714844
2177.763672
1205.186523
1128.331055
1016.726563
1450.180664
2413.745117
3655.530273
4137.639648
3378.823242
2450.793945
2041.629883
2051.651367
2059.237305
2482.213867
2942.265625
3325.876953
3498.191406
3322.942383
3479.525391
3575.041992
3836.100586
4262.540039
4469.969727
4258.559570
3583.966797
3301.599609
4143.297852
4214.424805
4213.824219
4577.154297
4704.593750
4021.250000
3880.154297
5095.449219
4896.501953
4213.203125
3075.685547
3657.050781
4627.361328
3823.712891
2644.970703
4796.441406
4383.361328
4259.447266
4591.824219
3637.875000
4468.072266
4842.619141
5362.980469
3603.947266
3529.603516
4129.228516
3645.376953
4695.187500
4002.390625
2734.419922
3083.716797
2995.607422
3073.173828
2496.751953
2175.158203
2246.880859
3801.576172
3741.205078
3190.810547
3501.208984
4141.578125
5184.513672
4607.316406
2769.992188
3967.777344
2846.027344
3338.455078
3102.693359
3264.404297
3596.253906
1888.015625
2207.451172
2700.195313
4065.156250
4469.718750
4651.972656
4418.224609
4940.140625
4704.062500
4635.054688
5016.138672
4684.769531
5241.515625
4821.878906
3755.722656
2901.855469
3265.144531
4194.148438
5295.824219
5557.761719
5280.031250
6140.445313
5855.867188
6210.511719
6810.472656
6666.429688
6774.750000
7048.800781
6066.777344
6070.585938
5986.828125
6422.542969
6504.597656
6290.843750
6925.464844
7087.468750
7365.285156
7414.042969
9110.777344
8357.800781
8507.386719
7236.539063
8024.460938
8333.835938
6279.957031
5482.777344
5698.847656
5144.878906
6353.382813
7341.671875
6380.558594
10005.195313
6518.238281
8503.097656
8363.277344
9203.062500
5640.644531
3911.941406
3406.621094
6425.222656
7261.863281
8482.867188
7157.402344
8463.808594
8551.406250
8712.148438
7706.859375
5365.207031
4570.238281
6081.468750
6746.207031
7369.304688
6920.277344
8483.375000
8048.648438
8247.312500
7661.699219
6677.199219
6259.500000
6587.671875
7340.136719
7176.394531
7568.867188
8223.546875
7680.601563
8611.972656
8385.015625
7345.609375
7736.355469
7990.640625
7330.761719
7521.390625
7065.160156
5581.660156
7546.039063
7435.289063
8079.117188
8700.527344
7558.566406
8517.679688
8235.187500
7397.457031
5429.582031
4424.968750
3548.691406
5067.824219
5805.261719
6638.136719
8310.316406
5628.699219
7317.757813
6504.292969
5879.781250
5131.683594
2986.488281
2310.828125
3966.515625
5458.222656
5960.273438
6718.722656
6078.808594
6870.597656
6758.695313
6792.785156
6331.804688
5188.652344
3750.808594
3529.058594
4873.777344
4677.687500
5363.847656
5475.589844
7070.166016
5923.761719
5744.031250
7300.580078
7505.794922
7959.115234
6721.232422
6504.988281
5980.146484
6621.171875
6373.519531
5045.312500
5240.914063
6164.642578
7936.445313
9379.828125
10211.091797
9106.337891
8148.847656
7069.318359
4658.423828
3003.044922
2320.130859
1359.937500
590.412109
-175.744141
-466.474609
46.030273
-415.235352
-796.160156
-721.953125
-409.682617
-496.373047
-1109.311523
-733.553711
-349.039063
37.275391
388.893555
745.616211
1177.171387
1282.761719
1658.131348
2114.602051
2885.373779
2872.287842
3436.059570
3208.074219
3337.248291
3041.164551
2342.976074
2244.859131
2099.181396
1657.159912
1873.623657
1778.055908
1001.851563
398.629639
186.150635
421.183350
627.016113
757.140503
1521.764893
1867.061035
1998.372925
2245.439453
1905.879395
1843.983643
1419.428223
1182.332275
1001.952881
715.660156
752.428711
235.419922
375.322998
1062.809082
1225.656006
1681.346436
1960.437256
2341.781250
2056.290771
2315.091797
2549.300049
2644.892090
2933.280029
3101.746338
3846.166260
3553.233643
3268.506836
2962.695801
2512.735840
1193.041992
657.282715
989.651855
1537.911133
2297.693359
3083.744141
3287.856934
3675.413574
3477.665527
3019.279785
2774.685547
2034.933594
1414.354492
1328.874023
2051.977539
3179.074219
3580.250000
3277.976563
2689.835938
3057.168945
3097.033203
3011.371094
2829.757813
2799.129883
4133.490234
4831.619141
5086.467773
3851.807617
2758.047852
3100.327148
3600.479492
4120.440430
3127.327148
2952.958984
3700.699219
4197.718750
4060.548828
3771.771484
4257.289063
2861.068359
629.693359
1867.658203
4009.029297
4109.070313
2338.103516
2710.169922
4362.931641
4656.904297
4876.068359
4486.064453
4042.900391
4665.103516
5064.556641
3952.287109
3586.289063
4377.839844
4430.710938
4585.015625
4444.634766
4609.974609
4686.679688
4846.380859
3356.181641
2186.892578
2650.755859
3770.455078
5070.597656
5098.236328
5501.703125
5182.121094
5258.128906
5639.355469
5516.884766
5722.634766
6338.478516
5966.400391
6764.232422
6372.029297
6034.761719
4903.128906
3676.964844
4228.312500
4417.021484
5276.605469
5009.400391
4941.779297
5079.732422
5762.619141
5020.875000
5906.298828
5812.494141
6808.273438
6663.896484
6211.320313
6792.742188
5593.507813
5877.617188
5492.363281
5269.339844
5467.695313
5398.660156
5031.617188
5087.988281
5121.292969
5375.339844
5560.976563
6260.570313
7430.386719
4895.453125
6663.171875
6653.640625
6399.785156
6401.007813
4989.199219
4291.656250
3735.039063
4733.781250
5805.417969
6273.031250
7704.343750
6181.933594
7761.746094
6564.429688
7028.378906
6938.437500
3924.914063
3096.585938
3655.859375
5457.449219
6450.339844
6852.820313
6633.464844
7733.753906
7325.472656
7619.269531
7359.722656
5300.632813
4480.511719
5918.101563
6784.468750
6139.687500
7168.511719
7302.570313
7649.218750
7884.523438
7581.062500
6427.542969
7395.644531
7002.441406
6934.351563
7217.527344
6895.554688
7481.898438
7447.957031
7334.269531
9075.703125
8865.058594
8137.812500
8208.363281
8449.687500
6869.746094
6005.152344
5415.351563
5653.960938
6090.273438
7398.320313
7524.796875
8472.457031
8063.718750
8240.386719
8040.558594
9344.519531
5271.667969
3885.304688
5237.421875
7011.089844
7993.699219
9805.785156
7718.738281
9671.468750
9486.480469
9749.445313
9686.121094
6179.855469
4607.074219
5405.496094
6704.894531
6975.656250
7899.781250
6911.914063
7735.757813
7530.347656
7692.070313
7412.015625
5780.976563
4836.500000
4811.402344
5145.613281
5609.890625
5661.562500
5791.105469
6417.421875
5188.734375
5561.332031
5723.419922
6416.603516
6179.281250
5762.992188
6144.744141
5260.677734
5820.052734
5630.363281
6021.802734
5945.724609
5218.898438
5619.373047
5018.671875
3620.886719
4057.384766
4844.058594
3540.132813
5874.910156
7333.404297
6730.417969
6091.664063
5300.863281
4456.410156
3069.572266
2952.772461
1881.584961
1785.369141
402.251953
-856.565430
-1235.579102
-901.420898
-871.090820
-1228.166992
-1492.465820
-923.123047
-754.438965
-505.710449
-208.129883
47.500488
520.555176
149.358398
764.479492
931.690186
678.954590
731.135498
779.695557
1182.835449
1233.130371
1585.576660
1437.541626
2137.120361
1753.888184
1853.391113
1629.696045
1584.956177
2020.203613
2230.395996
2144.348389
2206.057129
2374.856445
2382.828125
2343.112549
2288.262939
2117.617432
2134.368408
2090.809814
2037.676147
1969.410645
1867.844360
1764.273193
1701.217651
1705.768433
1673.752319
1638.432251
1609.584717
1579.885132
1559.971924
1549.981323
1549.986206
1559.997192
1579.986450
1600.006104
1640.014648
1396.224121
1239.412598
402.397583
-235.260498
-341.956055
-391.957275
375.525879
363.825439
829.201660
1288.149414
982.518066
1367.067871
913.413818
791.886230
-32.651855
-665.469727
-408.358887
558.757813
1683.872070
2531.531738
2927.535645
3819.764160
4089.670898
2586.641602
-140.501953
-910.414063
792.545898
2694.744141
3546.868164
3333.509766
3343.892578
3270.968750
2774.822266
2645.618164
2638.899414
2816.931641
2852.682617
3257.780273
3567.949219
3847.666016
2652.115234
2286.656250
2868.732422
2621.988281
2634.865234
2269.951172
3384.265625
3438.931641
2761.689453
2934.300781
2867.558594
2111.113281
1970.644531
2456.330078
2371.001953
2590.662109
3681.355469
4554.007813
4350.312500
4130.517578
4318.386719
4871.144531
4506.054688
3806.076172
4703.025391
4412.705078
4192.333984
4405.822266
4338.949219
3967.085938
2353.931641
2070.843750
3161.619141
3619.695313
4942.777344
5091.175781
4800.197266
4542.087891
5375.345703
4961.660156
4242.810547
6024.970703
4984.437500
5622.380859
5477.714844
6043.832031
5348.136719
4615.164063
5370.812500
5764.275391
6154.496094
5592.019531
5645.472656
5177.824219
6404.613281
6335.691406
6277.566406
6751.496094
6822.902344
7217.371094
7635.601563
6273.574219
5370.660156
7016.503906
7271.351563
4905.160156
5355.312500
4908.066406
5210.667969
5174.007813
6358.105469
6365.769531
5955.746094
9052.925781
5771.183594
7152.109375
6180.902344
6164.468750
6653.523438
3915.699219
3095.125000
2427.273438
4784.691406
5500.792969
5959.636719
7754.359375
5838.144531
7534.390625
6919.312500
7428.507813
7746.226563
5176.667969
4599.203125
5584.097656
6763.089844
7375.535156
8218.894531
7411.382813
9112.960938
8351.250000
8954.656250
8766.531250
7235.984375
6805.917969
6962.945313
7104.316406
6725.824219
7573.839844
6797.777344
7449.097656
8410.406250
8089.257813
8205.023438
7247.617188
7130.261719
6448.562500
7102.144531
6144.871094
6048.269531
6373.875000
6217.558594
6431.976563
8130.015625
5402.226563
7426.742188
7362.218750
6464.144531
5423.972656
4430.835938
3504.972656
4938.203125
5779.296875
7246.683594
6826.015625
6208.535156
6811.230469
5978.308594
7183.234375
3995.316406
2764.359375
4699.910156
5574.332031
6946.136719
6710.078125
7420.054688
8111.875000
7935.195313
8133.714844
6231.093750
4950.664063
6537.851563
6410.992188
6224.984375
8071.648438
7125.082031
8507.257813
8041.382813
8295.933594
7418.730469
7246.671875
6961.367188
7158.507813
7123.980469
7193.425781
7270.363281
7407.722656
7620.320313
8673.910156
8778.964844
7548.363281
7580.167969
8999.179688
7102.437500
7391.765625
6665.121094
6301.722656
6379.742188
6866.535156
6499.628906
9311.492188
6946.406250
8297.832031
7075.988281
6868.871094
8010.167969
4882.734375
3769.539063
2670.648438
5039.242188
6188.339844
5891.437500
7490.558594
6263.242188
6751.187500
6228.242188
5850.250000
6144.359375
6061.496094
3936.347656
3093.058594
3654.214844
5412.458984
6117.687500
5634.150391
5544.755859
5947.335938
5680.677734
5331.259766
5945.814453
5135.007813
5327.802734
5457.583984
5250.019531
4606.166016
3093.546875
3332.525391
3052.373047
3602.103516
4444.707031
4330.779297
4186.496094
3852.445313
3746.503906
4070.396484
4296.240234
3761.515625
3942.765625
3994.189453
3842.642578
3389.255859
3814.400391
3962.880859
3653.125000
3817.080078
3905.689453
3139.345703
2055.095703
2607.003906
3176.449219
3513.115234
3958.794922
4406.886719
3897.468750
2392.224609
3098.967773
3465.524414
2995.511719
3005.396484
3185.137695
3488.230469
3789.919922
3668.577148
2173.892578
487.312500
